2021-02-24 14:23:06.2998|DEBUG|EzPayService.Program|init main function
2021-02-24 14:24:00.7608|INFO|EzPayService.Controllers.ChargeTypeController|Inside GetChargeTypes
2021-02-24 14:24:36.7248|INFO|EzPay.Business.Classes.PaymentBusiness|Log the data by serialzing json
2021-02-24 14:24:36.7269|INFO|EzPay.Business.Classes.PaymentBusiness|Serialized and logged data, Creating Payment Gateway DTO object using Company ID: 7, Charge Type ID: 2, Tower ID: 4
2021-02-24 14:24:36.7269|INFO|EzPay.Business.Classes.PaymentBusiness|Successfully created Payment Gateway DTO object, Calling Method: GetPaymentGatewayDetails
2021-02-24 14:24:36.7269|INFO|EzPay.DataAccess.Classes.PaymentDataAccess|Company ID, ChargeType ID & Tower ID is not null
2021-02-24 14:24:37.1610|INFO|EzPay.DataAccess.Classes.PaymentDataAccess|Got Details, Mapping Entity to DTO and Exiting Method
2021-02-24 14:24:37.1783|INFO|EzPay.Business.Classes.PaymentBusiness|dbPaymentGatewayDTO is not null, updating properties of paymentTransactionsDTO
2021-02-24 14:24:37.1806|INFO|EzPay.Business.Classes.PaymentBusiness|Properties have been updated, Switching on PG Type
2021-02-24 14:24:37.1806|INFO|EzPay.Business.Classes.PaymentBusiness|PG Type is Com Trust, Calling Method: GetComTrustResponse
2021-02-24 14:24:37.1806|INFO|EzPay.Business.Classes.PaymentBusiness|Calling Method: GenerateComTrustModel
2021-02-24 14:24:37.1806|INFO|EzPay.Business.Classes.ComTrustBusiness|Inside Method: GenerateComTrustModel, Creating Com Trust Registration
2021-02-24 14:24:37.1806|INFO|EzPay.Business.Classes.ComTrustBusiness|Com Trust Registration Created, exiting method
2021-02-24 14:24:37.3820|INFO|EzPay.Business.Classes.ComTrustBusiness|Com Trust Request JSON: {"Registration":{"Currency":"AED","ReturnPath":"https://localhost:44355/api/Payment/TransactionUpdate","TransactionHint":"CPT:Y;VCC:Y;","OrderID":"dde27d99-c8af-48","Store":"Three60 Communities AD","Terminal":"TOWER 2","Channel":"Web","Amount":"5552.29","Customer":"ELTIZAM","OrderName":"PayBill","UserName":"Khateeb","Password":"Tamouh@123456789"}}
2021-02-24 14:24:37.3834|INFO|EzPay.Business.Classes.PaymentBusiness|Successfully Generated Com Trust Model, calling method: GetComTrustTransactionDetails to get transaction id from Com Trust
2021-02-24 14:24:37.4151|INFO|EzPay.Business.Classes.ComTrustBusiness|Preparing json data to call Com Trust Service
2021-02-24 14:24:37.4151|INFO|EzPay.Business.Classes.ComTrustBusiness|Request Serialized To Json, Preparing Content
2021-02-24 14:24:37.4295|INFO|EzPay.Business.Classes.ComTrustBusiness|Data Prepared, Calling Service
2021-02-24 14:24:39.4751|INFO|EzPay.Business.Classes.ComTrustBusiness|Com Trust Registration successfull with response: {"Transaction":{"PaymentPortal":"https://demo-ipg.ctdev.comtrust.ae/PaymentEx/MerchantPay/Payment?lang=en&layout=C0STCBVLEI","PaymentPage":"https://demo-ipg.ctdev.comtrust.ae/PaymentEx/MerchantPay/Payment?lang=en&layout=C0STCBVLEI","ResponseCode":"0","ResponseClass":"0","ResponseDescription":"Request Processed Successfully","ResponseClassDescription":"Success","TransactionID":"208822874078","Balance":{"Value":"0"},"Amount":{"Value":"0"},"Fees":{"Value":"0"},"Payer":null,"UniqueID":"ea914cbc-d382-4339-be16-5a8375aca825"}} 
 De-Serializing to get Response
2021-02-24 14:24:39.5708|INFO|EzPay.Business.Classes.PaymentBusiness|Successfully Generated Com Trust Transaction Data with Transaction ID: 208822874078, Updating paymentTransactionsDTO properties
2021-02-24 14:24:39.5708|INFO|EzPay.Business.Classes.PaymentBusiness|Updated Properties, Calling Method: SavePaymentTransaction to Save Payment Transaction for Customer Name: Maged Saad Shoukry Girgis with Email ID: magedshoukry@hotmail.com
2021-02-24 14:24:39.5708|INFO|EzPay.DataAccess.Classes.PaymentDataAccess|Mapping DTO to Entity & Saving Payment Transaction In DB
2021-02-24 14:24:40.8535|INFO|EzPay.DataAccess.Classes.PaymentDataAccess|Transaction save in DB with ID: 40, Mapping Entity to DTO and exiting method
2021-02-24 14:24:40.8709|INFO|EzPay.Business.Classes.PaymentBusiness|Successful saved payment transaction with ID: 40
2021-02-24 17:57:09.8469|DEBUG|EzPayService.Program|init main function
2021-02-24 17:57:43.1137|INFO|EzPayService.Controllers.ChargeTypeController|Inside GetChargeTypes
2021-02-24 17:58:24.2533|INFO|EzPayService.Controllers.ChargeTypeController|Inside GetChargeTypes
2021-02-24 18:39:31.2336|DEBUG|EzPayService.Program|init main function
2021-02-24 18:40:56.3674|INFO|EzPayService.Controllers.ChargeTypeController|Inside GetChargeTypes
2021-02-24 18:44:58.9999|DEBUG|EzPayService.Program|init main function
2021-02-24 18:45:29.8749|INFO|EzPay.Business.Classes.PaymentBusiness|Log the data by serialzing json
2021-02-24 18:45:29.8749|INFO|EzPay.Business.Classes.PaymentBusiness|Serialized and logged data, Creating Payment Gateway DTO object using Company ID: 7, Charge Type ID: 2, Tower ID: 4
2021-02-24 18:45:29.8749|INFO|EzPay.Business.Classes.PaymentBusiness|Successfully created Payment Gateway DTO object, Calling Method: GetPaymentGatewayDetails
2021-02-24 18:45:29.8872|INFO|EzPay.DataAccess.Classes.PaymentDataAccess|Company ID, ChargeType ID & Tower ID is not null
2021-02-24 18:45:30.1758|INFO|EzPay.DataAccess.Classes.PaymentDataAccess|Got Details, Mapping Entity to DTO and Exiting Method
2021-02-24 18:45:30.1875|INFO|EzPay.Business.Classes.PaymentBusiness|dbPaymentGatewayDTO is not null, updating properties of paymentTransactionsDTO
2021-02-24 18:45:30.1875|INFO|EzPay.Business.Classes.PaymentBusiness|Properties have been updated, Switching on PG Type
2021-02-24 18:45:30.1875|INFO|EzPay.Business.Classes.PaymentBusiness|PG Type is Com Trust, Calling Method: GetComTrustResponse
2021-02-24 18:45:30.1875|INFO|EzPay.Business.Classes.PaymentBusiness|Calling Method: GenerateComTrustModel
2021-02-24 18:45:30.1875|INFO|EzPay.Business.Classes.ComTrustBusiness|Inside Method: GenerateComTrustModel, Creating Com Trust Registration
2021-02-24 18:45:30.1988|INFO|EzPay.Business.Classes.ComTrustBusiness|Com Trust Registration Created, exiting method
2021-02-24 18:45:30.2447|INFO|EzPay.Business.Classes.ComTrustBusiness|Com Trust Request JSON: {"Registration":{"Currency":"AED","ReturnPath":"https://localhost:44355/api/Payment/TransactionUpdate","TransactionHint":"CPT:Y;VCC:Y;","OrderID":"55faba0a-da7c-47","Store":"Three60 Communities AD","Terminal":"TOWER 2","Channel":"Web","Amount":"5552.29","Customer":"ELTIZAM","OrderName":"PayBill","UserName":"Khateeb","Password":"Tamouh@123456789"}}
2021-02-24 18:45:30.2447|INFO|EzPay.Business.Classes.PaymentBusiness|Successfully Generated Com Trust Model, calling method: GetComTrustTransactionDetails to get transaction id from Com Trust
2021-02-24 18:45:30.2707|INFO|EzPay.Business.Classes.ComTrustBusiness|Preparing json data to call Com Trust Service
2021-02-24 18:45:30.2707|INFO|EzPay.Business.Classes.ComTrustBusiness|Request Serialized To Json, Preparing Content
2021-02-24 18:45:30.2898|INFO|EzPay.Business.Classes.ComTrustBusiness|Data Prepared, Calling Service
2021-02-24 18:45:31.9508|INFO|EzPay.Business.Classes.ComTrustBusiness|Com Trust Registration successfull with response: {"Transaction":{"PaymentPortal":"https://demo-ipg.ctdev.comtrust.ae/PaymentEx/MerchantPay/Payment?lang=en&layout=C0STCBVLEI","PaymentPage":"https://demo-ipg.ctdev.comtrust.ae/PaymentEx/MerchantPay/Payment?lang=en&layout=C0STCBVLEI","ResponseCode":"0","ResponseClass":"0","ResponseDescription":"Request Processed Successfully","ResponseClassDescription":"Success","TransactionID":"284077442101","Balance":{"Value":"0"},"Amount":{"Value":"0"},"Fees":{"Value":"0"},"Payer":null,"UniqueID":"976ddf66-8e5a-42a1-81c0-cf6c6838d0e9"}} 
 De-Serializing to get Response
2021-02-24 18:45:32.0168|INFO|EzPay.Business.Classes.PaymentBusiness|Successfully Generated Com Trust Transaction Data with Transaction ID: 284077442101, Updating paymentTransactionsDTO properties
2021-02-24 18:45:32.0168|INFO|EzPay.Business.Classes.PaymentBusiness|Updated Properties, Calling Method: SavePaymentTransaction to Save Payment Transaction for Customer Name: Maged Saad Shoukry Girgis with Email ID: magedshoukry@hotmail.com
2021-02-24 18:45:32.0168|INFO|EzPay.DataAccess.Classes.PaymentDataAccess|Mapping DTO to Entity & Saving Payment Transaction In DB
2021-02-24 18:45:33.1737|INFO|EzPay.DataAccess.Classes.PaymentDataAccess|Transaction save in DB with ID: 41, Mapping Entity to DTO and exiting method
2021-02-24 18:45:33.1921|INFO|EzPay.Business.Classes.PaymentBusiness|Successful saved payment transaction with ID: 41
2021-02-24 18:46:01.4115|INFO|EzPayService.Controllers.PaymentController|Transaction Update Controller Called
2021-02-24 18:46:01.4115|INFO|EzPay.DataAccess.Classes.PaymentDataAccess|Creating PaymentTransactionDetail Entity object from paymentDTO with transaction Id: 284077442101, for updating payment status
2021-02-24 18:46:01.6558|INFO|EzPay.DataAccess.Classes.PaymentDataAccess|Got PTD item, setting status
2021-02-24 18:46:01.6558|INFO|EzPay.DataAccess.Classes.PaymentDataAccess|Properties have been set, calling Method: UpdatePT to update PT Table
2021-02-24 18:46:05.1548|INFO|EzPay.DataAccess.Classes.PaymentDataAccess|Mapping PaymentTransactionsDTO to Entity
2021-02-24 18:46:05.1548|INFO|EzPay.DataAccess.Classes.PaymentDataAccess|Mapping completed, getting Transaction Details
2021-02-24 18:46:05.1748|INFO|EzPay.DataAccess.Classes.PaymentDataAccess|Got Transaction Details, Mapping Entity to DTO and Exiting Method
