2021-03-08 20:10:50.2914|ERROR|EzPay.Business.Classes.BalancesBusinessAccess|Microsoft.Data.SqlClient.SqlException (0x80131904): Cannot open server 'ibt-innovations-sql-server' requested by the login. Client with IP address '111.91.8.202' is not allowed to access the server.  To enable access, use the Windows Azure Management Portal or run sp_set_firewall_rule on the master database to create a firewall rule for this IP address or address range.  It may take up to five minutes for this change to take effect.
   at Microsoft.Data.ProviderBase.DbConnectionPool.CheckPoolBlockingPeriod(Exception e)
   at Microsoft.Data.ProviderBase.DbConnectionPool.CreateObject(DbConnection owningObject, DbConnectionOptions userOptions, DbConnectionInternal oldConnection)
   at Microsoft.Data.ProviderBase.DbConnectionPool.UserCreateRequest(DbConnection owningObject, DbConnectionOptions userOptions, DbConnectionInternal oldConnection)
   at Microsoft.Data.ProviderBase.DbConnectionPool.TryGetConnection(DbConnection owningObject, UInt32 waitForMultipleObjectsTimeout, Boolean allowCreate, Boolean onlyOneCheckConnection, DbConnectionOptions userOptions, DbConnectionInternal& connection)
   at Microsoft.Data.ProviderBase.DbConnectionPool.TryGetConnection(DbConnection owningObject, TaskCompletionSource`1 retry, DbConnectionOptions userOptions, DbConnectionInternal& connection)
   at Microsoft.Data.ProviderBase.DbConnectionFactory.TryGetConnection(DbConnection owningConnection, TaskCompletionSource`1 retry, DbConnectionOptions userOptions, DbConnectionInternal oldConnection, DbConnectionInternal& connection)
   at Microsoft.Data.ProviderBase.DbConnectionInternal.TryOpenConnectionInternal(DbConnection outerConnection, DbConnectionFactory connectionFactory, TaskCompletionSource`1 retry, DbConnectionOptions userOptions)
   at Microsoft.Data.ProviderBase.DbConnectionClosed.TryOpenConnection(DbConnection outerConnection, DbConnectionFactory connectionFactory, TaskCompletionSource`1 retry, DbConnectionOptions userOptions)
   at Microsoft.Data.SqlClient.SqlConnection.TryOpen(TaskCompletionSource`1 retry)
   at Microsoft.Data.SqlClient.SqlConnection.Open()
   at Microsoft.EntityFrameworkCore.Storage.RelationalConnection.OpenDbConnection(Boolean errorsExpected)
   at Microsoft.EntityFrameworkCore.Storage.RelationalConnection.Open(Boolean errorsExpected)
   at Microsoft.EntityFrameworkCore.Storage.RelationalCommand.ExecuteReader(RelationalCommandParameterObject parameterObject)
   at Microsoft.EntityFrameworkCore.Query.Internal.QueryingEnumerable`1.Enumerator.InitializeReader(DbContext _, Boolean result)
   at Microsoft.EntityFrameworkCore.SqlServer.Storage.Internal.SqlServerExecutionStrategy.Execute[TState,TResult](TState state, Func`3 operation, Func`3 verifySucceeded)
   at Microsoft.EntityFrameworkCore.Query.Internal.QueryingEnumerable`1.Enumerator.MoveNext()
   at System.Linq.Enumerable.TryGetFirst[TSource](IEnumerable`1 source, Boolean& found)
   at System.Linq.Enumerable.FirstOrDefault[TSource](IEnumerable`1 source)
   at EzPay.DataAccess.Classes.TowerDataAccess.GetTower(Int32 towerId, Int32 chargeTypeId) in F:\Workspace\EzPay\MS\EzPay.DataAccess\Classes\TowerDataAccess.cs:line 32
   at EzPay.Business.Classes.TowerBusiness.GetTower(Int32 towerId, Int32 chargeTypeId) in F:\Workspace\EzPay\MS\EzPay.Business\Classes\TowerBusiness.cs:line 35
   at EzPay.Business.Classes.BalancesBusinessAccess.GetCustomerBalance(String accountNo, Int32 chargeTypeId, Int32 towerId) in F:\Workspace\EzPay\MS\EzPay.Business\Classes\BalancesBusinessAccess.cs:line 53
ClientConnectionId:c4a5f06f-7a33-4236-a595-64d463e45195
Error Number:40615,State:1,Class:14
2021-03-08 20:15:59.0528|ERROR|EzPay.Business.Classes.BalancesBusinessAccess|Microsoft.Data.SqlClient.SqlException (0x80131904): Cannot open server 'ibt-innovations-sql-server' requested by the login. Client with IP address '111.91.8.202' is not allowed to access the server.  To enable access, use the Windows Azure Management Portal or run sp_set_firewall_rule on the master database to create a firewall rule for this IP address or address range.  It may take up to five minutes for this change to take effect.
   at Microsoft.Data.ProviderBase.DbConnectionPool.CheckPoolBlockingPeriod(Exception e)
   at Microsoft.Data.ProviderBase.DbConnectionPool.CreateObject(DbConnection owningObject, DbConnectionOptions userOptions, DbConnectionInternal oldConnection)
   at Microsoft.Data.ProviderBase.DbConnectionPool.UserCreateRequest(DbConnection owningObject, DbConnectionOptions userOptions, DbConnectionInternal oldConnection)
   at Microsoft.Data.ProviderBase.DbConnectionPool.TryGetConnection(DbConnection owningObject, UInt32 waitForMultipleObjectsTimeout, Boolean allowCreate, Boolean onlyOneCheckConnection, DbConnectionOptions userOptions, DbConnectionInternal& connection)
   at Microsoft.Data.ProviderBase.DbConnectionPool.TryGetConnection(DbConnection owningObject, TaskCompletionSource`1 retry, DbConnectionOptions userOptions, DbConnectionInternal& connection)
   at Microsoft.Data.ProviderBase.DbConnectionFactory.TryGetConnection(DbConnection owningConnection, TaskCompletionSource`1 retry, DbConnectionOptions userOptions, DbConnectionInternal oldConnection, DbConnectionInternal& connection)
   at Microsoft.Data.ProviderBase.DbConnectionInternal.TryOpenConnectionInternal(DbConnection outerConnection, DbConnectionFactory connectionFactory, TaskCompletionSource`1 retry, DbConnectionOptions userOptions)
   at Microsoft.Data.ProviderBase.DbConnectionClosed.TryOpenConnection(DbConnection outerConnection, DbConnectionFactory connectionFactory, TaskCompletionSource`1 retry, DbConnectionOptions userOptions)
   at Microsoft.Data.SqlClient.SqlConnection.TryOpen(TaskCompletionSource`1 retry)
   at Microsoft.Data.SqlClient.SqlConnection.Open()
   at Microsoft.EntityFrameworkCore.Storage.RelationalConnection.OpenDbConnection(Boolean errorsExpected)
   at Microsoft.EntityFrameworkCore.Storage.RelationalConnection.Open(Boolean errorsExpected)
   at Microsoft.EntityFrameworkCore.Storage.RelationalCommand.ExecuteReader(RelationalCommandParameterObject parameterObject)
   at Microsoft.EntityFrameworkCore.Query.Internal.QueryingEnumerable`1.Enumerator.InitializeReader(DbContext _, Boolean result)
   at Microsoft.EntityFrameworkCore.SqlServer.Storage.Internal.SqlServerExecutionStrategy.Execute[TState,TResult](TState state, Func`3 operation, Func`3 verifySucceeded)
   at Microsoft.EntityFrameworkCore.Query.Internal.QueryingEnumerable`1.Enumerator.MoveNext()
   at System.Linq.Enumerable.TryGetFirst[TSource](IEnumerable`1 source, Boolean& found)
   at System.Linq.Enumerable.FirstOrDefault[TSource](IEnumerable`1 source)
   at EzPay.DataAccess.Classes.TowerDataAccess.GetTower(Int32 towerId, Int32 chargeTypeId) in F:\Workspace\EzPay\MS\EzPay.DataAccess\Classes\TowerDataAccess.cs:line 32
   at EzPay.Business.Classes.TowerBusiness.GetTower(Int32 towerId, Int32 chargeTypeId) in F:\Workspace\EzPay\MS\EzPay.Business\Classes\TowerBusiness.cs:line 35
   at EzPay.Business.Classes.BalancesBusinessAccess.GetCustomerBalance(String accountNo, Int32 chargeTypeId, Int32 towerId) in F:\Workspace\EzPay\MS\EzPay.Business\Classes\BalancesBusinessAccess.cs:line 53
ClientConnectionId:91b8a964-ac78-497a-afc5-c645e2c62b8d
Error Number:40615,State:1,Class:14
2021-03-08 20:16:15.1582|ERROR|EzPay.Business.Classes.BalancesBusinessAccess|Microsoft.Data.SqlClient.SqlException (0x80131904): Cannot open server 'ibt-innovations-sql-server' requested by the login. Client with IP address '111.91.8.202' is not allowed to access the server.  To enable access, use the Windows Azure Management Portal or run sp_set_firewall_rule on the master database to create a firewall rule for this IP address or address range.  It may take up to five minutes for this change to take effect.
   at Microsoft.Data.ProviderBase.DbConnectionPool.CheckPoolBlockingPeriod(Exception e)
   at Microsoft.Data.ProviderBase.DbConnectionPool.CreateObject(DbConnection owningObject, DbConnectionOptions userOptions, DbConnectionInternal oldConnection)
   at Microsoft.Data.ProviderBase.DbConnectionPool.UserCreateRequest(DbConnection owningObject, DbConnectionOptions userOptions, DbConnectionInternal oldConnection)
   at Microsoft.Data.ProviderBase.DbConnectionPool.TryGetConnection(DbConnection owningObject, UInt32 waitForMultipleObjectsTimeout, Boolean allowCreate, Boolean onlyOneCheckConnection, DbConnectionOptions userOptions, DbConnectionInternal& connection)
   at Microsoft.Data.ProviderBase.DbConnectionPool.TryGetConnection(DbConnection owningObject, TaskCompletionSource`1 retry, DbConnectionOptions userOptions, DbConnectionInternal& connection)
   at Microsoft.Data.ProviderBase.DbConnectionFactory.TryGetConnection(DbConnection owningConnection, TaskCompletionSource`1 retry, DbConnectionOptions userOptions, DbConnectionInternal oldConnection, DbConnectionInternal& connection)
   at Microsoft.Data.ProviderBase.DbConnectionInternal.TryOpenConnectionInternal(DbConnection outerConnection, DbConnectionFactory connectionFactory, TaskCompletionSource`1 retry, DbConnectionOptions userOptions)
   at Microsoft.Data.ProviderBase.DbConnectionClosed.TryOpenConnection(DbConnection outerConnection, DbConnectionFactory connectionFactory, TaskCompletionSource`1 retry, DbConnectionOptions userOptions)
   at Microsoft.Data.SqlClient.SqlConnection.TryOpen(TaskCompletionSource`1 retry)
   at Microsoft.Data.SqlClient.SqlConnection.Open()
   at Microsoft.EntityFrameworkCore.Storage.RelationalConnection.OpenDbConnection(Boolean errorsExpected)
   at Microsoft.EntityFrameworkCore.Storage.RelationalConnection.Open(Boolean errorsExpected)
   at Microsoft.EntityFrameworkCore.Storage.RelationalCommand.ExecuteReader(RelationalCommandParameterObject parameterObject)
   at Microsoft.EntityFrameworkCore.Query.Internal.QueryingEnumerable`1.Enumerator.InitializeReader(DbContext _, Boolean result)
   at Microsoft.EntityFrameworkCore.SqlServer.Storage.Internal.SqlServerExecutionStrategy.Execute[TState,TResult](TState state, Func`3 operation, Func`3 verifySucceeded)
   at Microsoft.EntityFrameworkCore.Query.Internal.QueryingEnumerable`1.Enumerator.MoveNext()
   at System.Linq.Enumerable.TryGetFirst[TSource](IEnumerable`1 source, Boolean& found)
   at System.Linq.Enumerable.FirstOrDefault[TSource](IEnumerable`1 source)
   at EzPay.DataAccess.Classes.TowerDataAccess.GetTower(Int32 towerId, Int32 chargeTypeId) in F:\Workspace\EzPay\MS\EzPay.DataAccess\Classes\TowerDataAccess.cs:line 32
   at EzPay.Business.Classes.TowerBusiness.GetTower(Int32 towerId, Int32 chargeTypeId) in F:\Workspace\EzPay\MS\EzPay.Business\Classes\TowerBusiness.cs:line 35
   at EzPay.Business.Classes.BalancesBusinessAccess.GetCustomerBalance(String accountNo, Int32 chargeTypeId, Int32 towerId) in F:\Workspace\EzPay\MS\EzPay.Business\Classes\BalancesBusinessAccess.cs:line 53
ClientConnectionId:8c7af180-6df0-402c-8670-b6feeb9b4562
Error Number:40615,State:1,Class:14
2021-03-08 21:30:57.5071|INFO|EzPay.Business.Classes.PaymentBusiness|Log the data by serialzing json
2021-03-08 21:30:57.7154|INFO|EzPay.Business.Classes.PaymentBusiness|Serialized and logged data, Creating Payment Gateway DTO object using Company ID: 7, Charge Type ID: 2, Tower ID: 1
2021-03-08 21:30:59.6718|INFO|EzPay.Business.Classes.PaymentBusiness|Successfully created Payment Gateway DTO object, Calling Method: GetPaymentGatewayDetails
2021-03-08 21:31:01.1630|INFO|EzPay.DataAccess.Classes.PaymentDataAccess|Company ID, ChargeType ID & Tower ID is not null
2021-03-08 21:31:02.7442|INFO|EzPay.DataAccess.Classes.PaymentDataAccess|Got Details, Mapping Entity to DTO and Exiting Method
2021-03-08 21:31:07.2934|INFO|EzPay.Business.Classes.PaymentBusiness|dbPaymentGatewayDTO is not null, updating properties of paymentTransactionsDTO
2021-03-08 21:31:09.2104|INFO|EzPay.Business.Classes.PaymentBusiness|Properties have been updated, Switching on PG Type
2021-03-08 21:31:12.2668|INFO|EzPay.Business.Classes.PaymentBusiness|PG Type is Com Trust, Calling Method: GetComTrustResponse
2021-03-08 21:31:13.6663|INFO|EzPay.Business.Classes.PaymentBusiness|Calling Method: GenerateComTrustModel
2021-03-08 21:31:13.6663|INFO|EzPay.Business.Classes.ComTrustBusiness|Inside Method: GenerateComTrustModel, Creating Com Trust Registration
2021-03-08 21:31:13.7047|INFO|EzPay.Business.Classes.ComTrustBusiness|Com Trust Registration Created, exiting method
2021-03-08 21:31:13.8312|INFO|EzPay.Business.Classes.ComTrustBusiness|Com Trust Request JSON: {"Registration":{"Currency":"AED","ReturnPath":"https://localhost:44355/api/Payment/TransactionUpdate","TransactionHint":"CPT:Y;VCC:Y;","OrderID":"3964d6fa-b816-4c","Store":"Three60 Communities AD","Terminal":"TOWER 2","Channel":"Web","Amount":"50","Customer":"ELTIZAM","OrderName":"PayBill","UserName":"Khateeb","Password":"Tamouh@123456789"}}
2021-03-08 21:31:13.8312|INFO|EzPay.Business.Classes.PaymentBusiness|Successfully Generated Com Trust Model, calling method: GetComTrustTransactionDetails to get transaction id from Com Trust
2021-03-08 21:31:13.8722|INFO|EzPay.Business.Classes.ComTrustBusiness|Preparing json data to call Com Trust Service
2021-03-08 21:31:13.8722|INFO|EzPay.Business.Classes.ComTrustBusiness|Request Serialized To Json, Preparing Content
2021-03-08 21:31:13.8868|INFO|EzPay.Business.Classes.ComTrustBusiness|Data Prepared, Calling Service
2021-03-08 21:31:16.3569|INFO|EzPay.Business.Classes.ComTrustBusiness|Com Trust Registration successfull with response: {"Transaction":{"PaymentPortal":"https://demo-ipg.ctdev.comtrust.ae/PaymentEx/MerchantPay/Payment?lang=en&layout=C0STCBVLEI","PaymentPage":"https://demo-ipg.ctdev.comtrust.ae/PaymentEx/MerchantPay/Payment?lang=en&layout=C0STCBVLEI","ResponseCode":"0","ResponseClass":"0","ResponseDescription":"Request Processed Successfully","ResponseClassDescription":"Success","TransactionID":"285416767061","Balance":{"Value":"0"},"Amount":{"Value":"0"},"Fees":{"Value":"0"},"Payer":null,"UniqueID":"f856e86b-ea5a-48f8-9882-5b6e78901bbd"}} 
 De-Serializing to get Response
2021-03-08 21:31:22.7458|INFO|EzPay.Business.Classes.PaymentBusiness|Successfully Generated Com Trust Transaction Data with Transaction ID: 285416767061, Updating paymentTransactionsDTO properties
2021-03-08 21:31:26.3440|INFO|EzPay.Business.Classes.PaymentBusiness|Updated Properties, Calling Method: SavePaymentTransaction to Save Payment Transaction for Customer Name: TAHA INVESTMENT GROUP (TIG) LIMITED with Email ID: michels@tigholding.com
2021-03-08 21:31:26.9775|INFO|EzPay.DataAccess.Classes.PaymentDataAccess|Mapping DTO to Entity & Saving Payment Transaction In DB
2021-03-08 21:31:28.6945|INFO|EzPay.DataAccess.Classes.PaymentDataAccess|Transaction save in DB with ID: 56, Mapping Entity to DTO and exiting method
2021-03-08 21:31:32.8226|INFO|EzPay.Business.Classes.PaymentBusiness|Successful saved payment transaction with ID: 56
2021-03-08 21:45:42.5881|INFO|EzPay.Business.Classes.PaymentBusiness|Log the data by serialzing json
2021-03-08 21:45:42.5881|INFO|EzPay.Business.Classes.PaymentBusiness|Serialized and logged data, Creating Payment Gateway DTO object using Company ID: 7, Charge Type ID: 2, Tower ID: 1
2021-03-08 21:45:42.5916|INFO|EzPay.Business.Classes.PaymentBusiness|Successfully created Payment Gateway DTO object, Calling Method: GetPaymentGatewayDetails
2021-03-08 21:45:42.5916|INFO|EzPay.DataAccess.Classes.PaymentDataAccess|Company ID, ChargeType ID & Tower ID is not null
2021-03-08 21:45:44.1642|INFO|EzPay.DataAccess.Classes.PaymentDataAccess|Got Details, Mapping Entity to DTO and Exiting Method
2021-03-08 21:45:44.1642|INFO|EzPay.Business.Classes.PaymentBusiness|dbPaymentGatewayDTO is not null, updating properties of paymentTransactionsDTO
2021-03-08 21:45:44.1642|INFO|EzPay.Business.Classes.PaymentBusiness|Properties have been updated, Switching on PG Type
2021-03-08 21:45:44.1642|INFO|EzPay.Business.Classes.PaymentBusiness|PG Type is Com Trust, Calling Method: GetComTrustResponse
2021-03-08 21:45:44.1807|INFO|EzPay.Business.Classes.PaymentBusiness|Calling Method: GenerateComTrustModel
2021-03-08 21:45:44.1807|INFO|EzPay.Business.Classes.ComTrustBusiness|Inside Method: GenerateComTrustModel, Creating Com Trust Registration
2021-03-08 21:45:44.1807|INFO|EzPay.Business.Classes.ComTrustBusiness|Com Trust Registration Created, exiting method
2021-03-08 21:45:44.1807|INFO|EzPay.Business.Classes.ComTrustBusiness|Com Trust Request JSON: {"Registration":{"Currency":"AED","ReturnPath":"https://localhost:44355/api/Payment/TransactionUpdate","TransactionHint":"CPT:Y;VCC:Y;","OrderID":"193263bb-3c2b-49","Store":"Three60 Communities AD","Terminal":"TOWER 2","Channel":"Web","Amount":"50","Customer":"ELTIZAM","OrderName":"PayBill","UserName":"Khateeb","Password":"Tamouh@123456789"}}
2021-03-08 21:45:44.1807|INFO|EzPay.Business.Classes.PaymentBusiness|Successfully Generated Com Trust Model, calling method: GetComTrustTransactionDetails to get transaction id from Com Trust
2021-03-08 21:45:44.1807|INFO|EzPay.Business.Classes.ComTrustBusiness|Preparing json data to call Com Trust Service
2021-03-08 21:45:44.1807|INFO|EzPay.Business.Classes.ComTrustBusiness|Request Serialized To Json, Preparing Content
2021-03-08 21:45:44.1964|INFO|EzPay.Business.Classes.ComTrustBusiness|Data Prepared, Calling Service
2021-03-08 21:45:45.6784|INFO|EzPay.Business.Classes.ComTrustBusiness|Com Trust Registration successfull with response: {"Transaction":{"PaymentPortal":"https://demo-ipg.ctdev.comtrust.ae/PaymentEx/MerchantPay/Payment?lang=en&layout=C0STCBVLEI","PaymentPage":"https://demo-ipg.ctdev.comtrust.ae/PaymentEx/MerchantPay/Payment?lang=en&layout=C0STCBVLEI","ResponseCode":"0","ResponseClass":"0","ResponseDescription":"Request Processed Successfully","ResponseClassDescription":"Success","TransactionID":"237430613483","Balance":{"Value":"0"},"Amount":{"Value":"0"},"Fees":{"Value":"0"},"Payer":null,"UniqueID":"58e1b17c-3c1a-41ce-8a85-f78268b36516"}} 
 De-Serializing to get Response
2021-03-08 21:45:45.6810|INFO|EzPay.Business.Classes.PaymentBusiness|Successfully Generated Com Trust Transaction Data with Transaction ID: 237430613483, Updating paymentTransactionsDTO properties
2021-03-08 21:45:45.6810|INFO|EzPay.Business.Classes.PaymentBusiness|Updated Properties, Calling Method: SavePaymentTransaction to Save Payment Transaction for Customer Name: TAHA INVESTMENT GROUP (TIG) LIMITED with Email ID: michels@tigholding.com
2021-03-08 21:45:45.6810|INFO|EzPay.DataAccess.Classes.PaymentDataAccess|Mapping DTO to Entity & Saving Payment Transaction In DB
2021-03-08 21:45:46.4484|INFO|EzPay.DataAccess.Classes.PaymentDataAccess|Transaction save in DB with ID: 57, Mapping Entity to DTO and exiting method
2021-03-08 21:45:46.4484|INFO|EzPay.Business.Classes.PaymentBusiness|Successful saved payment transaction with ID: 57
2021-03-08 22:11:22.3226|DEBUG|EzPayService.Program|init main function
2021-03-08 22:14:30.7268|INFO|EzPay.Business.Classes.PaymentBusiness|Log the data by serialzing json
2021-03-08 22:14:31.0737|INFO|EzPay.Business.Classes.PaymentBusiness|Serialized and logged data, Creating Payment Gateway DTO object using Company ID: 7, Charge Type ID: 2, Tower ID: 1
2021-03-08 22:14:40.3008|INFO|EzPay.Business.Classes.PaymentBusiness|Successfully created Payment Gateway DTO object, Calling Method: GetPaymentGatewayDetails
2021-03-08 22:14:41.1095|INFO|EzPay.DataAccess.Classes.PaymentDataAccess|Company ID, ChargeType ID & Tower ID is not null
2021-03-08 22:14:41.4257|INFO|EzPay.DataAccess.Classes.PaymentDataAccess|Got Details, Mapping Entity to DTO and Exiting Method
2021-03-08 22:14:50.5311|INFO|EzPay.Business.Classes.PaymentBusiness|dbPaymentGatewayDTO is not null, updating properties of paymentTransactionsDTO
2021-03-08 22:15:14.5388|INFO|EzPay.Business.Classes.PaymentBusiness|Properties have been updated, Switching on PG Type
2021-03-08 22:15:28.3840|INFO|EzPay.Business.Classes.PaymentBusiness|PG Type is Com Trust, Calling Method: GetComTrustResponse
2021-03-08 22:15:28.3840|INFO|EzPay.Business.Classes.PaymentBusiness|Calling Method: GenerateComTrustModel
2021-03-08 22:15:28.3937|INFO|EzPay.Business.Classes.ComTrustBusiness|Inside Method: GenerateComTrustModel, Creating Com Trust Registration
2021-03-08 22:15:28.3937|INFO|EzPay.Business.Classes.ComTrustBusiness|Com Trust Registration Created, exiting method
2021-03-08 22:15:28.4980|INFO|EzPay.Business.Classes.ComTrustBusiness|Com Trust Request JSON: {"Registration":{"Currency":"AED","ReturnPath":"https://localhost:44355/api/Payment/TransactionUpdate","TransactionHint":"CPT:Y;VCC:Y;","OrderID":"6a7c2b28-83a6-42","Store":"Three60 Communities AD","Terminal":"TOWER 2","Channel":"Web","Amount":"450","Customer":"ELTIZAM","OrderName":"PayBill","UserName":"Khateeb","Password":"Tamouh@123456789"}}
2021-03-08 22:15:28.4980|INFO|EzPay.Business.Classes.PaymentBusiness|Successfully Generated Com Trust Model, calling method: GetComTrustTransactionDetails to get transaction id from Com Trust
2021-03-08 22:15:28.5259|INFO|EzPay.Business.Classes.ComTrustBusiness|Preparing json data to call Com Trust Service
2021-03-08 22:15:28.5259|INFO|EzPay.Business.Classes.ComTrustBusiness|Request Serialized To Json, Preparing Content
2021-03-08 22:15:28.5259|INFO|EzPay.Business.Classes.ComTrustBusiness|Data Prepared, Calling Service
2021-03-08 22:15:30.3053|INFO|EzPay.Business.Classes.ComTrustBusiness|Com Trust Registration successfull with response: {"Transaction":{"PaymentPortal":"https://demo-ipg.ctdev.comtrust.ae/PaymentEx/MerchantPay/Payment?lang=en&layout=C0STCBVLEI","PaymentPage":"https://demo-ipg.ctdev.comtrust.ae/PaymentEx/MerchantPay/Payment?lang=en&layout=C0STCBVLEI","ResponseCode":"0","ResponseClass":"0","ResponseDescription":"Request Processed Successfully","ResponseClassDescription":"Success","TransactionID":"226562767173","Balance":{"Value":"0"},"Amount":{"Value":"0"},"Fees":{"Value":"0"},"Payer":null,"UniqueID":"d38f10db-09e3-40d1-ae91-3015c8b99b3b"}} 
 De-Serializing to get Response
2021-03-08 22:15:30.3227|INFO|EzPay.Business.Classes.PaymentBusiness|Successfully Generated Com Trust Transaction Data with Transaction ID: 226562767173, Updating paymentTransactionsDTO properties
2021-03-08 22:15:30.3246|INFO|EzPay.Business.Classes.PaymentBusiness|Updated Properties, Calling Method: SavePaymentTransaction to Save Payment Transaction for Customer Name: TAHA INVESTMENT GROUP (TIG) LIMITED with Email ID: michels@tigholding.com
2021-03-08 22:15:30.3246|INFO|EzPay.DataAccess.Classes.PaymentDataAccess|Mapping DTO to Entity & Saving Payment Transaction In DB
2021-03-08 22:15:32.2220|INFO|EzPay.DataAccess.Classes.PaymentDataAccess|Transaction save in DB with ID: 58, Mapping Entity to DTO and exiting method
2021-03-08 22:15:32.2421|INFO|EzPay.Business.Classes.PaymentBusiness|Successful saved payment transaction with ID: 58
2021-03-08 22:21:55.0760|INFO|EzPay.Business.Classes.PaymentBusiness|Log the data by serialzing json
2021-03-08 22:21:55.0784|INFO|EzPay.Business.Classes.PaymentBusiness|Serialized and logged data, Creating Payment Gateway DTO object using Company ID: 7, Charge Type ID: 2, Tower ID: 1
2021-03-08 22:21:55.0784|INFO|EzPay.Business.Classes.PaymentBusiness|Successfully created Payment Gateway DTO object, Calling Method: GetPaymentGatewayDetails
2021-03-08 22:21:55.0784|INFO|EzPay.DataAccess.Classes.PaymentDataAccess|Company ID, ChargeType ID & Tower ID is not null
2021-03-08 22:21:55.3217|INFO|EzPay.DataAccess.Classes.PaymentDataAccess|Got Details, Mapping Entity to DTO and Exiting Method
2021-03-08 22:21:55.3217|INFO|EzPay.Business.Classes.PaymentBusiness|dbPaymentGatewayDTO is not null, updating properties of paymentTransactionsDTO
2021-03-08 22:21:55.3217|INFO|EzPay.Business.Classes.PaymentBusiness|Properties have been updated, Switching on PG Type
2021-03-08 22:21:55.3217|INFO|EzPay.Business.Classes.PaymentBusiness|PG Type is Com Trust, Calling Method: GetComTrustResponse
2021-03-08 22:21:55.3217|INFO|EzPay.Business.Classes.PaymentBusiness|Calling Method: GenerateComTrustModel
2021-03-08 22:21:55.3217|INFO|EzPay.Business.Classes.ComTrustBusiness|Inside Method: GenerateComTrustModel, Creating Com Trust Registration
2021-03-08 22:21:55.3217|INFO|EzPay.Business.Classes.ComTrustBusiness|Com Trust Registration Created, exiting method
2021-03-08 22:21:55.3217|INFO|EzPay.Business.Classes.ComTrustBusiness|Com Trust Request JSON: {"Registration":{"Currency":"AED","ReturnPath":"https://localhost:44355/api/Payment/TransactionUpdate","TransactionHint":"CPT:Y;VCC:Y;","OrderID":"fffa56bf-df8f-41","Store":"Three60 Communities AD","Terminal":"TOWER 2","Channel":"Web","Amount":"19859.04","Customer":"ELTIZAM","OrderName":"PayBill","UserName":"Khateeb","Password":"Tamouh@123456789"}}
2021-03-08 22:21:55.3312|INFO|EzPay.Business.Classes.PaymentBusiness|Successfully Generated Com Trust Model, calling method: GetComTrustTransactionDetails to get transaction id from Com Trust
2021-03-08 22:21:55.3312|INFO|EzPay.Business.Classes.ComTrustBusiness|Preparing json data to call Com Trust Service
2021-03-08 22:21:55.3312|INFO|EzPay.Business.Classes.ComTrustBusiness|Request Serialized To Json, Preparing Content
2021-03-08 22:21:55.3312|INFO|EzPay.Business.Classes.ComTrustBusiness|Data Prepared, Calling Service
2021-03-08 22:21:56.8644|INFO|EzPay.Business.Classes.ComTrustBusiness|Com Trust Registration successfull with response: {"Transaction":{"PaymentPortal":"https://demo-ipg.ctdev.comtrust.ae/PaymentEx/MerchantPay/Payment?lang=en&layout=C0STCBVLEI","PaymentPage":"https://demo-ipg.ctdev.comtrust.ae/PaymentEx/MerchantPay/Payment?lang=en&layout=C0STCBVLEI","ResponseCode":"0","ResponseClass":"0","ResponseDescription":"Request Processed Successfully","ResponseClassDescription":"Success","TransactionID":"223357134170","Balance":{"Value":"0"},"Amount":{"Value":"0"},"Fees":{"Value":"0"},"Payer":null,"UniqueID":"a82d5ad8-6881-48c8-8d94-5a42de408106"}} 
 De-Serializing to get Response
2021-03-08 22:21:56.8702|INFO|EzPay.Business.Classes.PaymentBusiness|Successfully Generated Com Trust Transaction Data with Transaction ID: 223357134170, Updating paymentTransactionsDTO properties
2021-03-08 22:21:56.8702|INFO|EzPay.Business.Classes.PaymentBusiness|Updated Properties, Calling Method: SavePaymentTransaction to Save Payment Transaction for Customer Name: TAHA INVESTMENT GROUP (TIG) LIMITED with Email ID: michels@tigholding.com
2021-03-08 22:21:56.8702|INFO|EzPay.DataAccess.Classes.PaymentDataAccess|Mapping DTO to Entity & Saving Payment Transaction In DB
2021-03-08 22:21:57.5964|INFO|EzPay.DataAccess.Classes.PaymentDataAccess|Transaction save in DB with ID: 59, Mapping Entity to DTO and exiting method
2021-03-08 22:21:57.6000|INFO|EzPay.Business.Classes.PaymentBusiness|Successful saved payment transaction with ID: 59
2021-03-08 22:31:03.8495|DEBUG|EzPayService.Program|init main function
2021-03-08 22:31:46.8385|INFO|EzPay.Business.Classes.PaymentBusiness|Log the data by serialzing json
2021-03-08 22:31:46.8385|INFO|EzPay.Business.Classes.PaymentBusiness|Serialized and logged data, Creating Payment Gateway DTO object using Company ID: 7, Charge Type ID: 2, Tower ID: 1
2021-03-08 22:31:46.8385|INFO|EzPay.Business.Classes.PaymentBusiness|Successfully created Payment Gateway DTO object, Calling Method: GetPaymentGatewayDetails
2021-03-08 22:31:46.8385|INFO|EzPay.DataAccess.Classes.PaymentDataAccess|Company ID, ChargeType ID & Tower ID is not null
2021-03-08 22:31:49.5734|INFO|EzPay.DataAccess.Classes.PaymentDataAccess|Got Details, Mapping Entity to DTO and Exiting Method
2021-03-08 22:31:49.6022|INFO|EzPay.Business.Classes.PaymentBusiness|dbPaymentGatewayDTO is not null, updating properties of paymentTransactionsDTO
2021-03-08 22:31:49.6022|INFO|EzPay.Business.Classes.PaymentBusiness|Properties have been updated, Switching on PG Type
2021-03-08 22:31:49.6022|INFO|EzPay.Business.Classes.PaymentBusiness|PG Type is Com Trust, Calling Method: GetComTrustResponse
2021-03-08 22:31:49.6022|INFO|EzPay.Business.Classes.PaymentBusiness|Calling Method: GenerateComTrustModel
2021-03-08 22:31:49.6022|INFO|EzPay.Business.Classes.ComTrustBusiness|Inside Method: GenerateComTrustModel, Creating Com Trust Registration
2021-03-08 22:31:49.6160|INFO|EzPay.Business.Classes.ComTrustBusiness|Com Trust Registration Created, exiting method
2021-03-08 22:31:49.6580|INFO|EzPay.Business.Classes.ComTrustBusiness|Com Trust Request JSON: {"Registration":{"Currency":"AED","ReturnPath":"https://localhost:44355/api/Payment/TransactionUpdate","TransactionHint":"CPT:Y;VCC:Y;","OrderID":"c6ce9957-e428-41","Store":"Three60 Communities AD","Terminal":"TOWER 2","Channel":"Web","Amount":"450","Customer":"ELTIZAM","OrderName":"PayBill","UserName":"Khateeb","Password":"Tamouh@123456789"}}
2021-03-08 22:31:49.6580|INFO|EzPay.Business.Classes.PaymentBusiness|Successfully Generated Com Trust Model, calling method: GetComTrustTransactionDetails to get transaction id from Com Trust
2021-03-08 22:31:49.7673|INFO|EzPay.Business.Classes.ComTrustBusiness|Preparing json data to call Com Trust Service
2021-03-08 22:31:49.7673|INFO|EzPay.Business.Classes.ComTrustBusiness|Request Serialized To Json, Preparing Content
2021-03-08 22:31:49.7913|INFO|EzPay.Business.Classes.ComTrustBusiness|Data Prepared, Calling Service
2021-03-08 22:31:53.5085|INFO|EzPay.Business.Classes.ComTrustBusiness|Com Trust Registration successfull with response: {"Transaction":{"PaymentPortal":"https://demo-ipg.ctdev.comtrust.ae/PaymentEx/MerchantPay/Payment?lang=en&layout=C0STCBVLEI","PaymentPage":"https://demo-ipg.ctdev.comtrust.ae/PaymentEx/MerchantPay/Payment?lang=en&layout=C0STCBVLEI","ResponseCode":"0","ResponseClass":"0","ResponseDescription":"Request Processed Successfully","ResponseClassDescription":"Success","TransactionID":"282138253746","Balance":{"Value":"0"},"Amount":{"Value":"0"},"Fees":{"Value":"0"},"Payer":null,"UniqueID":"12c8b852-f557-4522-a977-f10d730c2fe9"}} 
 De-Serializing to get Response
2021-03-08 22:31:53.5271|INFO|EzPay.Business.Classes.PaymentBusiness|Successfully Generated Com Trust Transaction Data with Transaction ID: 282138253746, Updating paymentTransactionsDTO properties
2021-03-08 22:31:53.5271|INFO|EzPay.Business.Classes.PaymentBusiness|Updated Properties, Calling Method: SavePaymentTransaction to Save Payment Transaction for Customer Name: TAHA INVESTMENT GROUP (TIG) LIMITED with Email ID: michels@tigholding.com
2021-03-08 22:31:53.5271|INFO|EzPay.DataAccess.Classes.PaymentDataAccess|Mapping DTO to Entity & Saving Payment Transaction In DB
2021-03-08 22:31:54.5825|INFO|EzPay.DataAccess.Classes.PaymentDataAccess|Transaction save in DB with ID: 60, Mapping Entity to DTO and exiting method
2021-03-08 22:31:54.6004|INFO|EzPay.Business.Classes.PaymentBusiness|Successful saved payment transaction with ID: 60
2021-03-08 22:34:11.0695|INFO|EzPay.Business.Classes.PaymentBusiness|Log the data by serialzing json
2021-03-08 22:34:11.0718|INFO|EzPay.Business.Classes.PaymentBusiness|Serialized and logged data, Creating Payment Gateway DTO object using Company ID: 7, Charge Type ID: 2, Tower ID: 1
2021-03-08 22:34:11.0718|INFO|EzPay.Business.Classes.PaymentBusiness|Successfully created Payment Gateway DTO object, Calling Method: GetPaymentGatewayDetails
2021-03-08 22:34:11.0718|INFO|EzPay.DataAccess.Classes.PaymentDataAccess|Company ID, ChargeType ID & Tower ID is not null
2021-03-08 22:34:11.3111|INFO|EzPay.DataAccess.Classes.PaymentDataAccess|Got Details, Mapping Entity to DTO and Exiting Method
2021-03-08 22:34:11.3111|INFO|EzPay.Business.Classes.PaymentBusiness|dbPaymentGatewayDTO is not null, updating properties of paymentTransactionsDTO
2021-03-08 22:34:11.3111|INFO|EzPay.Business.Classes.PaymentBusiness|Properties have been updated, Switching on PG Type
2021-03-08 22:34:11.3111|INFO|EzPay.Business.Classes.PaymentBusiness|PG Type is Com Trust, Calling Method: GetComTrustResponse
2021-03-08 22:34:11.3111|INFO|EzPay.Business.Classes.PaymentBusiness|Calling Method: GenerateComTrustModel
2021-03-08 22:34:11.3111|INFO|EzPay.Business.Classes.ComTrustBusiness|Inside Method: GenerateComTrustModel, Creating Com Trust Registration
2021-03-08 22:34:11.3178|INFO|EzPay.Business.Classes.ComTrustBusiness|Com Trust Registration Created, exiting method
2021-03-08 22:34:11.3178|INFO|EzPay.Business.Classes.ComTrustBusiness|Com Trust Request JSON: {"Registration":{"Currency":"AED","ReturnPath":"https://localhost:44355/api/Payment/TransactionUpdate","TransactionHint":"CPT:Y;VCC:Y;","OrderID":"0135a75f-f963-4a","Store":"Three60 Communities AD","Terminal":"TOWER 2","Channel":"Web","Amount":"1700","Customer":"ELTIZAM","OrderName":"PayBill","UserName":"Khateeb","Password":"Tamouh@123456789"}}
2021-03-08 22:34:11.3178|INFO|EzPay.Business.Classes.PaymentBusiness|Successfully Generated Com Trust Model, calling method: GetComTrustTransactionDetails to get transaction id from Com Trust
2021-03-08 22:34:11.3178|INFO|EzPay.Business.Classes.ComTrustBusiness|Preparing json data to call Com Trust Service
2021-03-08 22:34:11.3178|INFO|EzPay.Business.Classes.ComTrustBusiness|Request Serialized To Json, Preparing Content
2021-03-08 22:34:11.3178|INFO|EzPay.Business.Classes.ComTrustBusiness|Data Prepared, Calling Service
2021-03-08 22:34:12.7756|INFO|EzPay.Business.Classes.ComTrustBusiness|Com Trust Registration successfull with response: {"Transaction":{"PaymentPortal":"https://demo-ipg.ctdev.comtrust.ae/PaymentEx/MerchantPay/Payment?lang=en&layout=C0STCBVLEI","PaymentPage":"https://demo-ipg.ctdev.comtrust.ae/PaymentEx/MerchantPay/Payment?lang=en&layout=C0STCBVLEI","ResponseCode":"0","ResponseClass":"0","ResponseDescription":"Request Processed Successfully","ResponseClassDescription":"Success","TransactionID":"202443110722","Balance":{"Value":"0"},"Amount":{"Value":"0"},"Fees":{"Value":"0"},"Payer":null,"UniqueID":"afedaca3-5153-423a-ac7d-b8ee5452257c"}} 
 De-Serializing to get Response
2021-03-08 22:34:12.7756|INFO|EzPay.Business.Classes.PaymentBusiness|Successfully Generated Com Trust Transaction Data with Transaction ID: 202443110722, Updating paymentTransactionsDTO properties
2021-03-08 22:34:12.7756|INFO|EzPay.Business.Classes.PaymentBusiness|Updated Properties, Calling Method: SavePaymentTransaction to Save Payment Transaction for Customer Name: TAHA INVESTMENT GROUP (TIG) LIMITED with Email ID: michels@tigholding.com
2021-03-08 22:34:12.7756|INFO|EzPay.DataAccess.Classes.PaymentDataAccess|Mapping DTO to Entity & Saving Payment Transaction In DB
2021-03-08 22:34:13.5087|INFO|EzPay.DataAccess.Classes.PaymentDataAccess|Transaction save in DB with ID: 61, Mapping Entity to DTO and exiting method
2021-03-08 22:34:13.5087|INFO|EzPay.Business.Classes.PaymentBusiness|Successful saved payment transaction with ID: 61
