2020-11-10 22:55:45.8840|DEBUG|EzPayService.Program|init main function
2020-11-10 22:58:23.2364|ERROR|EzPayService.Controllers.RegionController|Microsoft.Data.SqlClient.SqlException (0x80131904): Cannot open server 'ibt-innovations-sql-server' requested by the login. Client with IP address '111.91.80.38' is not allowed to access the server.  To enable access, use the Windows Azure Management Portal or run sp_set_firewall_rule on the master database to create a firewall rule for this IP address or address range.  It may take up to five minutes for this change to take effect.
   at Microsoft.Data.ProviderBase.DbConnectionPool.CheckPoolBlockingPeriod(Exception e)
   at Microsoft.Data.ProviderBase.DbConnectionPool.CreateObject(DbConnection owningObject, DbConnectionOptions userOptions, DbConnectionInternal oldConnection)
   at Microsoft.Data.ProviderBase.DbConnectionPool.UserCreateRequest(DbConnection owningObject, DbConnectionOptions userOptions, DbConnectionInternal oldConnection)
   at Microsoft.Data.ProviderBase.DbConnectionPool.TryGetConnection(DbConnection owningObject, UInt32 waitForMultipleObjectsTimeout, Boolean allowCreate, Boolean onlyOneCheckConnection, DbConnectionOptions userOptions, DbConnectionInternal& connection)
   at Microsoft.Data.ProviderBase.DbConnectionPool.TryGetConnection(DbConnection owningObject, TaskCompletionSource`1 retry, DbConnectionOptions userOptions, DbConnectionInternal& connection)
   at Microsoft.Data.ProviderBase.DbConnectionFactory.TryGetConnection(DbConnection owningConnection, TaskCompletionSource`1 retry, DbConnectionOptions userOptions, DbConnectionInternal oldConnection, DbConnectionInternal& connection)
   at Microsoft.Data.ProviderBase.DbConnectionInternal.TryOpenConnectionInternal(DbConnection outerConnection, DbConnectionFactory connectionFactory, TaskCompletionSource`1 retry, DbConnectionOptions userOptions)
   at Microsoft.Data.ProviderBase.DbConnectionClosed.TryOpenConnection(DbConnection outerConnection, DbConnectionFactory connectionFactory, TaskCompletionSource`1 retry, DbConnectionOptions userOptions)
   at Microsoft.Data.SqlClient.SqlConnection.TryOpen(TaskCompletionSource`1 retry)
   at Microsoft.Data.SqlClient.SqlConnection.Open()
   at Microsoft.EntityFrameworkCore.Storage.RelationalConnection.OpenDbConnection(Boolean errorsExpected)
   at Microsoft.EntityFrameworkCore.Storage.RelationalConnection.Open(Boolean errorsExpected)
   at Microsoft.EntityFrameworkCore.Storage.RelationalCommand.ExecuteReader(RelationalCommandParameterObject parameterObject)
   at Microsoft.EntityFrameworkCore.Query.Internal.QueryingEnumerable`1.Enumerator.InitializeReader(DbContext _, Boolean result)
   at Microsoft.EntityFrameworkCore.SqlServer.Storage.Internal.SqlServerExecutionStrategy.Execute[TState,TResult](TState state, Func`3 operation, Func`3 verifySucceeded)
   at Microsoft.EntityFrameworkCore.Query.Internal.QueryingEnumerable`1.Enumerator.MoveNext()
   at System.Collections.Generic.List`1..ctor(IEnumerable`1 collection)
   at System.Linq.Enumerable.ToList[TSource](IEnumerable`1 source)
   at EzPay.DataAccess.Classes.RegionDataAccess.GetAllRegions() in F:\Workspace\EzPay\MS\EzPay.DataAccess\Classes\RegionDataAccess.cs:line 25
   at EzPay.Business.Classes.RegionBusiness.GetAllRegions() in F:\Workspace\EzPay\MS\EzPay.Business\Classes\RegionBusiness.cs:line 20
   at EzPayService.Controllers.RegionController.GetRegions() in F:\Workspace\EzPay\MS\EzPayService\Controllers\RegionController.cs:line 28
ClientConnectionId:61bf264e-7622-4734-8b11-42565d669828
Error Number:40615,State:1,Class:14
2020-11-10 23:09:51.2630|ERROR|EzPayService.Controllers.RegionController|System.InvalidCastException: Unable to cast object of type 'System.Int32' to type 'System.Int16'.
   at Microsoft.Data.SqlClient.SqlBuffer.get_Int16()
   at Microsoft.Data.SqlClient.SqlDataReader.GetInt16(Int32 i)
   at lambda_method(Closure , QueryContext , DbDataReader , ResultContext , Int32[] , ResultCoordinator )
   at Microsoft.EntityFrameworkCore.Query.Internal.QueryingEnumerable`1.Enumerator.MoveNext()
   at System.Collections.Generic.List`1..ctor(IEnumerable`1 collection)
   at System.Linq.Enumerable.ToList[TSource](IEnumerable`1 source)
   at EzPay.DataAccess.Classes.RegionDataAccess.GetAllRegions() in F:\Workspace\EzPay\MS\EzPay.DataAccess\Classes\RegionDataAccess.cs:line 25
   at EzPay.Business.Classes.RegionBusiness.GetAllRegions() in F:\Workspace\EzPay\MS\EzPay.Business\Classes\RegionBusiness.cs:line 20
   at EzPayService.Controllers.RegionController.GetRegions() in F:\Workspace\EzPay\MS\EzPayService\Controllers\RegionController.cs:line 28
2020-11-10 23:16:38.3437|DEBUG|EzPayService.Program|init main function
